<?xml version="1.0" encoding="UTF-8"?>
<testsuite xmlns:xsi="http://www.w3.org/2001/XMLSchema-instance" xsi:noNamespaceSchemaLocation="https://maven.apache.org/surefire/maven-surefire-plugin/xsd/surefire-test-report-3.0.xsd" version="3.0" name="com.example.tax.TaxSystemTest" time="0.059" tests="11" errors="0" skipped="0" failures="0">
  <properties>
[...]
</properties>
  <testcase name="sameProductAndStateCanHaveDifferentTaxByYear" classname="com.example.tax.TaxSystemTest" time="0.022"/>
  <testcase name="sameProductCanHaveDifferentTaxByState" classname="com.example.tax.TaxSystemTest" time="0.001"/>
  <testcase name="rejectsInvalidInputs" classname="com.example.tax.TaxSystemTest" time="0.003"/>
  <testcase name="calculatesTaxByProductStateAndYear" classname="com.example.tax.TaxSystemTest" time="0.0"/>
  <testcase name="missingRuleThrowsClearException" classname="com.example.tax.TaxSystemTest" time="0.001"/>
  <testcase name="rejectsDuplicateRuleForSameProductStateAndYear" classname="com.example.tax.TaxSystemTest" time="0.001"/>
  <testcase name="listRulesCanFilterByProductStateAndYear" classname="com.example.tax.TaxSystemTest" time="0.001"/>
  <testcase name="upsertRuleReplacesExistingRule" classname="com.example.tax.TaxSystemTest" time="0.0"/>
  <testcase name="differentProductsCanHaveDifferentTaxInSameStateAndYear" classname="com.example.tax.TaxSystemTest" time="0.0"/>
  <testcase name="addRuleNormalizesProductAndState" classname="com.example.tax.TaxSystemTest" time="0.0"/>
  <testcase name="roundsMoneyHalfUp" classname="com.example.tax.TaxSystemTest" time="0.0"/>
</testsuite>