<?xml version="1.0" encoding="UTF-8"?>
<testsuite xmlns:xsi="http://www.w3.org/2001/XMLSchema-instance" xsi:noNamespaceSchemaLocation="https://maven.apache.org/surefire/maven-surefire-plugin/xsd/surefire-test-report.xsd" name="com.example.taxsystem.grocery.tests.GroceryServiceTest" time="0.141" tests="4" errors="0" skipped="0" failures="0">
  <properties>
[...]
</properties>
  <testcase name="shouldCreatePendingItemAndTrimName" classname="com.example.taxsystem.grocery.tests.GroceryServiceTest" time="0.128"/>
  <testcase name="shouldFailWhenItemDoesNotExist" classname="com.example.taxsystem.grocery.tests.GroceryServiceTest" time="0.003"/>
  <testcase name="shouldPropagateDeleteFailure" classname="com.example.taxsystem.grocery.tests.GroceryServiceTest" time="0.004"/>
  <testcase name="shouldMarkExistingItemAsDone" classname="com.example.taxsystem.grocery.tests.GroceryServiceTest" time="0.004"/>
</testsuite>