<?xml version="1.0" encoding="UTF-8"?>
<testsuite xmlns:xsi="http://www.w3.org/2001/XMLSchema-instance" xsi:noNamespaceSchemaLocation="https://maven.apache.org/surefire/maven-surefire-plugin/xsd/surefire-test-report-3.0.xsd" version="3.0" name="com.example.customstring.CustomStringTest" time="0.059" tests="15" errors="0" skipped="0" failures="0">
  <properties>
[...]
</properties>
  <testcase name="trimRemovesLeadingAndTrailingWhitespace" classname="com.example.customstring.CustomStringTest" time="0.018"/>
  <testcase name="equalsAndHashCodeUseCharacterContent" classname="com.example.customstring.CustomStringTest" time="0.002"/>
  <testcase name="substringRejectsInvalidRanges" classname="com.example.customstring.CustomStringTest" time="0.002"/>
  <testcase name="foreachVisitsEveryCharacterInOrder" classname="com.example.customstring.CustomStringTest" time="0.0"/>
  <testcase name="lengthAndCharAtWork" classname="com.example.customstring.CustomStringTest" time="0.0"/>
  <testcase name="replaceChangesMatchingCharactersOnly" classname="com.example.customstring.CustomStringTest" time="0.003"/>
  <testcase name="substringSupportsBeginAndRange" classname="com.example.customstring.CustomStringTest" time="0.0"/>
  <testcase name="isEmptySupportsEmptyAndNullInput" classname="com.example.customstring.CustomStringTest" time="0.0"/>
  <testcase name="reverseReturnsNewCustomString" classname="com.example.customstring.CustomStringTest" time="0.004"/>
  <testcase name="indexOfFindsFirstOccurrenceOrMinusOne" classname="com.example.customstring.CustomStringTest" time="0.0"/>
  <testcase name="toJsonEscapesSpecialCharacters" classname="com.example.customstring.CustomStringTest" time="0.0"/>
  <testcase name="charAtRejectsInvalidIndexes" classname="com.example.customstring.CustomStringTest" time="0.0"/>
  <testcase name="iteratorReadsCharactersAndRejectsRemove" classname="com.example.customstring.CustomStringTest" time="0.003"/>
  <testcase name="worksInEnhancedForLoop" classname="com.example.customstring.CustomStringTest" time="0.004"/>
  <testcase name="toArrayReturnsDefensiveCopy" classname="com.example.customstring.CustomStringTest" time="0.0"/>
</testsuite>