<?xml version="1.0" encoding="UTF-8"?>
<testsuite xmlns:xsi="http://www.w3.org/2001/XMLSchema-instance" xsi:noNamespaceSchemaLocation="https://maven.apache.org/surefire/maven-surefire-plugin/xsd/surefire-test-report.xsd" name="com.example.yamlcodegeneratorsingleclass.YamlCodeGeneratorSingleClassApplicationTest" time="0.257" tests="5" errors="0" skipped="0" failures="0">
  <properties>
[...]
</properties>
  <testcase name="canDisableAccessorsAndConstructor" classname="com.example.yamlcodegeneratorsingleclass.YamlCodeGeneratorSingleClassApplicationTest" time="0.194"/>
  <testcase name="generatesJavaClassFromYamlDefinition" classname="com.example.yamlcodegeneratorsingleclass.YamlCodeGeneratorSingleClassApplicationTest" time="0.017"/>
  <testcase name="rejectsInvalidYamlDefinitions" classname="com.example.yamlcodegeneratorsingleclass.YamlCodeGeneratorSingleClassApplicationTest" time="0.01"/>
  <testcase name="generatesMultipleFiles" classname="com.example.yamlcodegeneratorsingleclass.YamlCodeGeneratorSingleClassApplicationTest" time="0.02"/>
  <testcase name="defaultsToNoArgsConstructorAndGettersSetters" classname="com.example.yamlcodegeneratorsingleclass.YamlCodeGeneratorSingleClassApplicationTest" time="0.004"/>
</testsuite>